Using pre-set license
Built from '2020.2/release' branch; Version is '2020.2.2f1 (068178b99f32) revision 426360'; Using compiler version '192528614'; Build Type 'Release'
OS: 'Windows 10 Home; OS build 19042.1165; Version 2009; 64bit' Language: 'en' Physical Memory: 16168 MB
BatchMode: 1, IsHumanControllingUs: 0, StartBugReporterOnCrash: 0, Is64bit: 1, IsPro: 0

 COMMAND LINE ARGUMENTS:
C:\Program Files\Unity\Hub\Editor\2020.2.2f1\Editor\Unity.exe
-adb2
-batchMode
-noUpm
-name
AssetImportWorker0
-projectPath
C:/Users/steve/Documents/GitHub/BasicMenuFramework
-logFile
Logs/AssetImportWorker0.log
-srvPort
64495
Successfully changed project path to: C:/Users/steve/Documents/GitHub/BasicMenuFramework
C:/Users/steve/Documents/GitHub/BasicMenuFramework
Using Asset Import Pipeline V2.
Refreshing native plugins compatible for Editor in 18.73 ms, found 0 plugins.
Preloading 0 native plugins for Editor in 0.00 ms.
Initialize engine version: 2020.2.2f1 (068178b99f32)
[Subsystems] Discovering subsystems at path C:/Program Files/Unity/Hub/Editor/2020.2.2f1/Editor/Data/Resources/UnitySubsystems
[Subsystems] Discovering subsystems at path C:/Users/steve/Documents/GitHub/BasicMenuFramework/Assets
GfxDevice: creating device client; threaded=0
Direct3D:
    Version:  Direct3D 11.0 [level 11.1]
    Renderer: NVIDIA GeForce RTX 2060 (ID=0x1f55)
    Vendor:   
    VRAM:     5980 MB
    Driver:   27.21.14.6230
Initialize mono
Mono path[0] = 'C:/Program Files/Unity/Hub/Editor/2020.2.2f1/Editor/Data/Managed'
Mono path[1] = 'C:/Program Files/Unity/Hub/Editor/2020.2.2f1/Editor/Data/MonoBleedingEdge/lib/mono/unityjit'
Mono config path = 'C:/Program Files/Unity/Hub/Editor/2020.2.2f1/Editor/Data/MonoBleedingEdge/etc'
Using monoOptions --debugger-agent=transport=dt_socket,embedding=1,server=y,suspend=n,address=127.0.0.1:56796
Begin MonoManager ReloadAssembly
Registering precompiled unity dll's ...
Register platform support module: C:/Program Files/Unity/Hub/Editor/2020.2.2f1/Editor/Data/PlaybackEngines/WebGLSupport/UnityEditor.WebGL.Extensions.dll
Register platform support module: C:/Program Files/Unity/Hub/Editor/2020.2.2f1/Editor/Data/PlaybackEngines/WindowsStandaloneSupport/UnityEditor.WindowsStandalone.Extensions.dll
Registered in 0.001612 seconds.
Native extension for WindowsStandalone target not found
Native extension for WebGL target not found
Refreshing native plugins compatible for Editor in 20.28 ms, found 0 plugins.
Preloading 0 native plugins for Editor in 0.00 ms.
Invoked RoslynAnalysisRunner static constructor.
RoslynAnalysisRunner will not be running.
RoslynAnalysisRunner has terminated.
Mono: successfully reloaded assembly
- Completed reload, in  1.489 seconds
Platform modules already initialized, skipping
Registering precompiled user dll's ...
Registered in 0.000575 seconds.
Begin MonoManager ReloadAssembly
Native extension for WindowsStandalone target not found
Native extension for WebGL target not found
Refreshing native plugins compatible for Editor in 0.25 ms, found 0 plugins.
Preloading 0 native plugins for Editor in 0.00 ms.
Invoked RoslynAnalysisRunner static constructor.
RoslynAnalysisRunner will not be running.
RoslynAnalysisRunner has terminated.
Mono: successfully reloaded assembly
- Completed reload, in  0.658 seconds
Platform modules already initialized, skipping
========================================================================
Worker process is ready to serve import requests
Launched and connected shader compiler UnityShaderCompiler.exe after 0.03 seconds
Refreshing native plugins compatible for Editor in 0.17 ms, found 0 plugins.
Preloading 0 native plugins for Editor in 0.00 ms.
Unloading 1099 Unused Serialized files (Serialized files now loaded: 0)
System memory in use before: 56.5 MB.
System memory in use after: 56.5 MB.

Unloading 10 unused Assets to reduce memory usage. Loaded Objects now: 1540.
Total: 1.607000 ms (FindLiveObjects: 0.176300 ms CreateObjectMapping: 0.045000 ms MarkObjects: 1.284900 ms  DeleteObjects: 0.100100 ms)

========================================================================
Received Import Request.
  path: Assets
  artifactKey: Guid(00000000000000001000000000000000) Importer(815301076,1909f56bfc062723c751e8b465ee728b)
Start importing Assets using Guid(00000000000000001000000000000000) Importer(815301076,1909f56bfc062723c751e8b465ee728b)  -> (artifact id: '4a6e520b92ccfc61bcfa21a7bcab8468') in 0.006872 seconds
  Import took 0.008845 seconds .

========================================================================
Received Import Request.
  Time since last request: 0.034541 seconds.
  path: Assets
  artifactKey: Guid(00000000000000001000000000000000) Importer(815301076,1909f56bfc062723c751e8b465ee728b)
Start importing Assets using Guid(00000000000000001000000000000000) Importer(815301076,1909f56bfc062723c751e8b465ee728b)  -> (artifact id: '4a6e520b92ccfc61bcfa21a7bcab8468') in 0.001777 seconds
  Import took 0.003353 seconds .

========================================================================
Received Import Request.
  Time since last request: 7.014820 seconds.
  path: Assets/BasicMenuFramework
  artifactKey: Guid(356a6da9f9274fe4d889343579862d8a) Importer(815301076,1909f56bfc062723c751e8b465ee728b)
Start importing Assets/BasicMenuFramework using Guid(356a6da9f9274fe4d889343579862d8a) Importer(815301076,1909f56bfc062723c751e8b465ee728b)  -> (artifact id: '166d50e5bfac249896db0a3e11aceb59') in 0.005141 seconds
  Import took 0.007145 seconds .

========================================================================
Received Import Request.
  Time since last request: 10.314590 seconds.
  path: Assets/Scenes
  artifactKey: Guid(3c722999fdc2e7247af3d6c88e0aa3a3) Importer(815301076,1909f56bfc062723c751e8b465ee728b)
Start importing Assets/Scenes using Guid(3c722999fdc2e7247af3d6c88e0aa3a3) Importer(815301076,1909f56bfc062723c751e8b465ee728b)  -> (artifact id: 'ee14aa340e0d6216789b33ac76bbe773') in 0.004947 seconds
  Import took 0.017063 seconds .

========================================================================
Received Import Request.
  Time since last request: 6.211609 seconds.
  path: Assets/BasicMenuFramework/Core
  artifactKey: Guid(7f5a0a93c2c9cfb45bf63022899bc609) Importer(815301076,1909f56bfc062723c751e8b465ee728b)
Start importing Assets/BasicMenuFramework/Core using Guid(7f5a0a93c2c9cfb45bf63022899bc609) Importer(815301076,1909f56bfc062723c751e8b465ee728b)  -> (artifact id: '8f5714b80746ff5e27c42c80aeb50ef9') in 0.005562 seconds
  Import took 0.007471 seconds .

========================================================================
Received Import Request.
  Time since last request: 0.003006 seconds.
  path: Assets/BasicMenuFramework/Core
  artifactKey: Guid(7f5a0a93c2c9cfb45bf63022899bc609) Importer(815301076,1909f56bfc062723c751e8b465ee728b)
Start importing Assets/BasicMenuFramework/Core using Guid(7f5a0a93c2c9cfb45bf63022899bc609) Importer(815301076,1909f56bfc062723c751e8b465ee728b)  -> (artifact id: '8f5714b80746ff5e27c42c80aeb50ef9') in 0.001883 seconds
  Import took 0.003392 seconds .

========================================================================
Received Import Request.
  Time since last request: 9.508752 seconds.
  path: Assets/BasicMenuFramework/Editor
  artifactKey: Guid(4b41243524e9aac4d9f146bb11de7678) Importer(815301076,1909f56bfc062723c751e8b465ee728b)
Start importing Assets/BasicMenuFramework/Editor using Guid(4b41243524e9aac4d9f146bb11de7678) Importer(815301076,1909f56bfc062723c751e8b465ee728b)  -> (artifact id: 'ed249d16d97c3900843d8bfff4c1fbc5') in 0.005055 seconds
  Import took 0.006575 seconds .

========================================================================
Received Import Request.
  Time since last request: 5.634055 seconds.
  path: Assets/BasicMenuFramework/Test
  artifactKey: Guid(16fead69a461f5a4c8840d988d59508d) Importer(815301076,1909f56bfc062723c751e8b465ee728b)
Start importing Assets/BasicMenuFramework/Test using Guid(16fead69a461f5a4c8840d988d59508d) Importer(815301076,1909f56bfc062723c751e8b465ee728b)  -> (artifact id: '631de22a842a9c36f2d7e015fd64df19') in 0.005640 seconds
  Import took 0.007464 seconds .

========================================================================
Received Import Request.
  Time since last request: 37.430894 seconds.
  path: Assets/BasicMenuFramework/Editor/Core
  artifactKey: Guid(475c69bd76864fe4bbb4c3d95c82b38b) Importer(815301076,1909f56bfc062723c751e8b465ee728b)
Start importing Assets/BasicMenuFramework/Editor/Core using Guid(475c69bd76864fe4bbb4c3d95c82b38b) Importer(815301076,1909f56bfc062723c751e8b465ee728b)  -> (artifact id: '0b9c34762909bd46f099d52a10b0d32a') in 0.001603 seconds
  Import took 0.003113 seconds .

========================================================================
Received Import Request.
  Time since last request: 9.597868 seconds.
  path: Assets/BasicMenuFramework/Test/Core
  artifactKey: Guid(92d985a166b334f4a9d92cfa0c15861c) Importer(815301076,1909f56bfc062723c751e8b465ee728b)
Start importing Assets/BasicMenuFramework/Test/Core using Guid(92d985a166b334f4a9d92cfa0c15861c) Importer(815301076,1909f56bfc062723c751e8b465ee728b)  -> (artifact id: '8da204279749ba5597eb587ffef84ce0') in 0.002067 seconds
  Import took 0.003735 seconds .

========================================================================
Received Import Request.
  Time since last request: 2704.762417 seconds.
  path: Assets/BasicMenuFramework/Core/MenuControl.cs
  artifactKey: Guid(258285c643a86054d9507003e373994f) Importer(815301076,1909f56bfc062723c751e8b465ee728b)
Start importing Assets/BasicMenuFramework/Core/MenuControl.cs using Guid(258285c643a86054d9507003e373994f) Importer(815301076,1909f56bfc062723c751e8b465ee728b)  -> (artifact id: '2dd1bd7cbd1896c13cf2a5acd1e90c47') in 0.015042 seconds
  Import took 0.017261 seconds .

========================================================================
Received Import Request.
  Time since last request: 0.003427 seconds.
  path: Assets/BasicMenuFramework/Core/MenuControl.cs
  artifactKey: Guid(258285c643a86054d9507003e373994f) Importer(815301076,1909f56bfc062723c751e8b465ee728b)
Start importing Assets/BasicMenuFramework/Core/MenuControl.cs using Guid(258285c643a86054d9507003e373994f) Importer(815301076,1909f56bfc062723c751e8b465ee728b)  -> (artifact id: '2dd1bd7cbd1896c13cf2a5acd1e90c47') in 0.001941 seconds
  Import took 0.003437 seconds .

========================================================================
Received Prepare
Registering precompiled user dll's ...
Registered in 0.000381 seconds.
Begin MonoManager ReloadAssembly
Native extension for WindowsStandalone target not found
Native extension for WebGL target not found
Refreshing native plugins compatible for Editor in 0.16 ms, found 0 plugins.
Preloading 0 native plugins for Editor in 0.00 ms.
Invoked RoslynAnalysisRunner static constructor.
RoslynAnalysisRunner will not be running.
RoslynAnalysisRunner has terminated.
Mono: successfully reloaded assembly
- Completed reload, in  0.615 seconds
Platform modules already initialized, skipping
Refreshing native plugins compatible for Editor in 0.17 ms, found 0 plugins.
Preloading 0 native plugins for Editor in 0.00 ms.
Unloading 1095 Unused Serialized files (Serialized files now loaded: 0)
System memory in use before: 56.5 MB.
System memory in use after: 56.6 MB.

Unloading 5 unused Assets to reduce memory usage. Loaded Objects now: 1543.
Total: 1.236500 ms (FindLiveObjects: 0.100400 ms CreateObjectMapping: 0.027900 ms MarkObjects: 1.071600 ms  DeleteObjects: 0.035900 ms)

========================================================================
Received Import Request.
  Time since last request: 566.627582 seconds.
  path: Assets/BasicMenuFramework/Core/MenuControl.cs
  artifactKey: Guid(258285c643a86054d9507003e373994f) Importer(815301076,1909f56bfc062723c751e8b465ee728b)
Start importing Assets/BasicMenuFramework/Core/MenuControl.cs using Guid(258285c643a86054d9507003e373994f) Importer(815301076,1909f56bfc062723c751e8b465ee728b)  -> (artifact id: 'e00176def57f0d5b188a4c7de09f906b') in 0.010108 seconds
  Import took 0.012455 seconds .

========================================================================
Received Prepare
Registering precompiled user dll's ...
Registered in 0.000411 seconds.
Begin MonoManager ReloadAssembly
Native extension for WindowsStandalone target not found
Native extension for WebGL target not found
Refreshing native plugins compatible for Editor in 0.16 ms, found 0 plugins.
Preloading 0 native plugins for Editor in 0.00 ms.
Invoked RoslynAnalysisRunner static constructor.
RoslynAnalysisRunner will not be running.
RoslynAnalysisRunner has terminated.
Mono: successfully reloaded assembly
- Completed reload, in  0.616 seconds
Platform modules already initialized, skipping
Refreshing native plugins compatible for Editor in 0.16 ms, found 0 plugins.
Preloading 0 native plugins for Editor in 0.00 ms.
Unloading 1095 Unused Serialized files (Serialized files now loaded: 0)
System memory in use before: 56.6 MB.
System memory in use after: 56.7 MB.

Unloading 5 unused Assets to reduce memory usage. Loaded Objects now: 1545.
Total: 1.408400 ms (FindLiveObjects: 0.105700 ms CreateObjectMapping: 0.026400 ms MarkObjects: 1.241300 ms  DeleteObjects: 0.034300 ms)

========================================================================
Received Import Request.
  Time since last request: 88.461190 seconds.
  path: Assets/BasicMenuFramework/Core/MenuControl.cs
  artifactKey: Guid(258285c643a86054d9507003e373994f) Importer(815301076,1909f56bfc062723c751e8b465ee728b)
Start importing Assets/BasicMenuFramework/Core/MenuControl.cs using Guid(258285c643a86054d9507003e373994f) Importer(815301076,1909f56bfc062723c751e8b465ee728b)  -> (artifact id: '6d14d4fad88403746f1fb1a8cda273aa') in 0.006075 seconds
  Import took 0.008070 seconds .

========================================================================
Received Prepare
Registering precompiled user dll's ...
Registered in 0.000387 seconds.
Begin MonoManager ReloadAssembly
Native extension for WindowsStandalone target not found
Native extension for WebGL target not found
Refreshing native plugins compatible for Editor in 0.16 ms, found 0 plugins.
Preloading 0 native plugins for Editor in 0.00 ms.
Invoked RoslynAnalysisRunner static constructor.
RoslynAnalysisRunner will not be running.
RoslynAnalysisRunner has terminated.
Mono: successfully reloaded assembly
- Completed reload, in  0.590 seconds
Platform modules already initialized, skipping
Refreshing native plugins compatible for Editor in 0.16 ms, found 0 plugins.
Preloading 0 native plugins for Editor in 0.00 ms.
Unloading 1095 Unused Serialized files (Serialized files now loaded: 0)
System memory in use before: 56.7 MB.
System memory in use after: 56.8 MB.

Unloading 5 unused Assets to reduce memory usage. Loaded Objects now: 1547.
Total: 3.917500 ms (FindLiveObjects: 0.277500 ms CreateObjectMapping: 0.091600 ms MarkObjects: 3.438000 ms  DeleteObjects: 0.107900 ms)

========================================================================
Received Import Request.
  Time since last request: 79.747122 seconds.
  path: Assets/BasicMenuFramework/Core/MenuControl.cs
  artifactKey: Guid(258285c643a86054d9507003e373994f) Importer(815301076,1909f56bfc062723c751e8b465ee728b)
Start importing Assets/BasicMenuFramework/Core/MenuControl.cs using Guid(258285c643a86054d9507003e373994f) Importer(815301076,1909f56bfc062723c751e8b465ee728b)  -> (artifact id: 'add5f72bc88736f0c419564743c389f5') in 0.004993 seconds
  Import took 0.006899 seconds .

========================================================================
Received Import Request.
  Time since last request: 0.000780 seconds.
  path: Assets/BasicMenuFramework/Core/MenuControl.cs
  artifactKey: Guid(258285c643a86054d9507003e373994f) Importer(815301076,1909f56bfc062723c751e8b465ee728b)
Start importing Assets/BasicMenuFramework/Core/MenuControl.cs using Guid(258285c643a86054d9507003e373994f) Importer(815301076,1909f56bfc062723c751e8b465ee728b)  -> (artifact id: 'add5f72bc88736f0c419564743c389f5') in 0.001822 seconds
  Import took 0.003376 seconds .

========================================================================
Received Prepare
Registering precompiled user dll's ...
Registered in 0.000390 seconds.
Begin MonoManager ReloadAssembly
Native extension for WindowsStandalone target not found
Native extension for WebGL target not found
Refreshing native plugins compatible for Editor in 0.16 ms, found 0 plugins.
Preloading 0 native plugins for Editor in 0.00 ms.
Invoked RoslynAnalysisRunner static constructor.
RoslynAnalysisRunner will not be running.
RoslynAnalysisRunner has terminated.
Mono: successfully reloaded assembly
- Completed reload, in  0.611 seconds
Platform modules already initialized, skipping
Refreshing native plugins compatible for Editor in 0.16 ms, found 0 plugins.
Preloading 0 native plugins for Editor in 0.00 ms.
Unloading 1095 Unused Serialized files (Serialized files now loaded: 0)
System memory in use before: 56.8 MB.
System memory in use after: 56.8 MB.

Unloading 5 unused Assets to reduce memory usage. Loaded Objects now: 1549.
Total: 1.667700 ms (FindLiveObjects: 0.132000 ms CreateObjectMapping: 0.036900 ms MarkObjects: 1.436800 ms  DeleteObjects: 0.060700 ms)

========================================================================
Received Import Request.
  Time since last request: 13.020207 seconds.
  path: Assets/BasicMenuFramework/Core/SettingsControl.cs
  artifactKey: Guid(a9e35977c26319040b92cb000a8cd142) Importer(815301076,1909f56bfc062723c751e8b465ee728b)
Start importing Assets/BasicMenuFramework/Core/SettingsControl.cs using Guid(a9e35977c26319040b92cb000a8cd142) Importer(815301076,1909f56bfc062723c751e8b465ee728b)  -> (artifact id: 'e52281ad7a4fbfd4586390eb83ce1fda') in 0.007458 seconds
  Import took 0.009605 seconds .

========================================================================
Received Prepare
Registering precompiled user dll's ...
Registered in 0.000383 seconds.
Begin MonoManager ReloadAssembly
Native extension for WindowsStandalone target not found
Native extension for WebGL target not found
Refreshing native plugins compatible for Editor in 0.20 ms, found 0 plugins.
Preloading 0 native plugins for Editor in 0.00 ms.
Invoked RoslynAnalysisRunner static constructor.
RoslynAnalysisRunner will not be running.
RoslynAnalysisRunner has terminated.
Mono: successfully reloaded assembly
- Completed reload, in  0.616 seconds
Platform modules already initialized, skipping
Refreshing native plugins compatible for Editor in 0.20 ms, found 0 plugins.
Preloading 0 native plugins for Editor in 0.00 ms.
Unloading 1096 Unused Serialized files (Serialized files now loaded: 0)
System memory in use before: 56.9 MB.
System memory in use after: 56.9 MB.

Unloading 5 unused Assets to reduce memory usage. Loaded Objects now: 1552.
Total: 1.619400 ms (FindLiveObjects: 0.220200 ms CreateObjectMapping: 0.061000 ms MarkObjects: 1.291600 ms  DeleteObjects: 0.044600 ms)

========================================================================
Received Import Request.
  Time since last request: 313.645886 seconds.
  path: Assets/BasicMenuFramework/Core/SettingsControl.cs
  artifactKey: Guid(a9e35977c26319040b92cb000a8cd142) Importer(815301076,1909f56bfc062723c751e8b465ee728b)
Start importing Assets/BasicMenuFramework/Core/SettingsControl.cs using Guid(a9e35977c26319040b92cb000a8cd142) Importer(815301076,1909f56bfc062723c751e8b465ee728b)  -> (artifact id: 'd49d591f7534413fc9cce234f1f17a2b') in 0.005098 seconds
  Import took 0.007477 seconds .

========================================================================
Received Prepare
Registering precompiled user dll's ...
Registered in 0.000695 seconds.
Begin MonoManager ReloadAssembly
Native extension for WindowsStandalone target not found
Native extension for WebGL target not found
Refreshing native plugins compatible for Editor in 0.17 ms, found 0 plugins.
Preloading 0 native plugins for Editor in 0.00 ms.
Invoked RoslynAnalysisRunner static constructor.
RoslynAnalysisRunner will not be running.
RoslynAnalysisRunner has terminated.
Mono: successfully reloaded assembly
- Completed reload, in  0.643 seconds
Platform modules already initialized, skipping
Refreshing native plugins compatible for Editor in 0.18 ms, found 0 plugins.
Preloading 0 native plugins for Editor in 0.00 ms.
Unloading 1096 Unused Serialized files (Serialized files now loaded: 0)
System memory in use before: 56.9 MB.
System memory in use after: 57.0 MB.

Unloading 5 unused Assets to reduce memory usage. Loaded Objects now: 1554.
Total: 1.345800 ms (FindLiveObjects: 0.116000 ms CreateObjectMapping: 0.029100 ms MarkObjects: 1.163500 ms  DeleteObjects: 0.036700 ms)

========================================================================
Received Import Request.
  Time since last request: 154.039351 seconds.
  path: Assets/BasicMenuFramework/Core/SettingsControl.cs
  artifactKey: Guid(a9e35977c26319040b92cb000a8cd142) Importer(815301076,1909f56bfc062723c751e8b465ee728b)
Start importing Assets/BasicMenuFramework/Core/SettingsControl.cs using Guid(a9e35977c26319040b92cb000a8cd142) Importer(815301076,1909f56bfc062723c751e8b465ee728b)  -> (artifact id: 'b9af9baf3faafd9c4aefdebbefece2c0') in 0.005916 seconds
  Import took 0.007690 seconds .

========================================================================
Received Import Request.
  Time since last request: 0.083316 seconds.
  path: Assets/BasicMenuFramework/Core/SettingsControl.cs
  artifactKey: Guid(a9e35977c26319040b92cb000a8cd142) Importer(815301076,1909f56bfc062723c751e8b465ee728b)
Start importing Assets/BasicMenuFramework/Core/SettingsControl.cs using Guid(a9e35977c26319040b92cb000a8cd142) Importer(815301076,1909f56bfc062723c751e8b465ee728b)  -> (artifact id: 'b9af9baf3faafd9c4aefdebbefece2c0') in 0.001776 seconds
  Import took 0.003336 seconds .

========================================================================
Received Prepare
Registering precompiled user dll's ...
Registered in 0.000414 seconds.
Begin MonoManager ReloadAssembly
Native extension for WindowsStandalone target not found
Native extension for WebGL target not found
Refreshing native plugins compatible for Editor in 0.16 ms, found 0 plugins.
Preloading 0 native plugins for Editor in 0.00 ms.
Invoked RoslynAnalysisRunner static constructor.
RoslynAnalysisRunner will not be running.
RoslynAnalysisRunner has terminated.
Mono: successfully reloaded assembly
- Completed reload, in  0.601 seconds
Platform modules already initialized, skipping
Refreshing native plugins compatible for Editor in 0.16 ms, found 0 plugins.
Preloading 0 native plugins for Editor in 0.00 ms.
Unloading 1096 Unused Serialized files (Serialized files now loaded: 0)
System memory in use before: 57.0 MB.
System memory in use after: 57.1 MB.

Unloading 5 unused Assets to reduce memory usage. Loaded Objects now: 1556.
Total: 4.420400 ms (FindLiveObjects: 0.314300 ms CreateObjectMapping: 0.107800 ms MarkObjects: 3.876900 ms  DeleteObjects: 0.118100 ms)

========================================================================
Received Import Request.
  Time since last request: 128.454793 seconds.
  path: Assets/BasicMenuFramework/Core/SettingsControl.cs
  artifactKey: Guid(a9e35977c26319040b92cb000a8cd142) Importer(815301076,1909f56bfc062723c751e8b465ee728b)
Start importing Assets/BasicMenuFramework/Core/SettingsControl.cs using Guid(a9e35977c26319040b92cb000a8cd142) Importer(815301076,1909f56bfc062723c751e8b465ee728b)  -> (artifact id: '48e2ae2017f941d113446a00eb6a6168') in 0.004720 seconds
  Import took 0.006755 seconds .

========================================================================
Received Prepare
Registering precompiled user dll's ...
Registered in 0.000393 seconds.
Begin MonoManager ReloadAssembly
Native extension for WindowsStandalone target not found
Native extension for WebGL target not found
Refreshing native plugins compatible for Editor in 0.17 ms, found 0 plugins.
Preloading 0 native plugins for Editor in 0.00 ms.
Invoked RoslynAnalysisRunner static constructor.
RoslynAnalysisRunner will not be running.
RoslynAnalysisRunner has terminated.
Mono: successfully reloaded assembly
- Completed reload, in  0.595 seconds
Platform modules already initialized, skipping
Refreshing native plugins compatible for Editor in 0.19 ms, found 0 plugins.
Preloading 0 native plugins for Editor in 0.00 ms.
Unloading 1096 Unused Serialized files (Serialized files now loaded: 0)
System memory in use before: 57.1 MB.
System memory in use after: 57.2 MB.

Unloading 5 unused Assets to reduce memory usage. Loaded Objects now: 1558.
Total: 1.396000 ms (FindLiveObjects: 0.210700 ms CreateObjectMapping: 0.034900 ms MarkObjects: 1.115400 ms  DeleteObjects: 0.034200 ms)

========================================================================
Received Import Request.
  Time since last request: 322.124955 seconds.
  path: Assets/BasicMenuFramework/Test/Core/Settings Test.unity
  artifactKey: Guid(3f415a9fd43ed974badc011cfc635f0a) Importer(815301076,1909f56bfc062723c751e8b465ee728b)
Start importing Assets/BasicMenuFramework/Test/Core/Settings Test.unity using Guid(3f415a9fd43ed974badc011cfc635f0a) Importer(815301076,1909f56bfc062723c751e8b465ee728b)  -> (artifact id: 'e05794d41e2c967f5fbfeeba7c4be75b') in 0.013655 seconds
  Import took 0.015412 seconds .

========================================================================
Received Import Request.
  Time since last request: 78.136809 seconds.
  path: Assets/BasicMenuFramework/Test/Core/AudioMixer.mixer
  artifactKey: Guid(d576a5b77bc882c4f98af9e9efab7a3a) Importer(815301076,1909f56bfc062723c751e8b465ee728b)
Start importing Assets/BasicMenuFramework/Test/Core/AudioMixer.mixer using Guid(d576a5b77bc882c4f98af9e9efab7a3a) Importer(815301076,1909f56bfc062723c751e8b465ee728b)  -> (artifact id: 'b15d72c3c06dccacb5c7dc045b2a6a1e') in 0.011486 seconds
  Import took 0.013301 seconds .

========================================================================
Received Import Request.
  Time since last request: 22.936101 seconds.
  path: Assets/BasicMenuFramework/Test/Core/AudioMixer.mixer
  artifactKey: Guid(d576a5b77bc882c4f98af9e9efab7a3a) Importer(815301076,1909f56bfc062723c751e8b465ee728b)
Start importing Assets/BasicMenuFramework/Test/Core/AudioMixer.mixer using Guid(d576a5b77bc882c4f98af9e9efab7a3a) Importer(815301076,1909f56bfc062723c751e8b465ee728b)  -> (artifact id: '450f2348aaa0efa7cc1450b22522923d') in 0.002407 seconds
  Import took 0.003900 seconds .

========================================================================
Received Import Request.
  Time since last request: 0.015216 seconds.
  path: Assets/BasicMenuFramework/Test/Core/AudioMixer.mixer
  artifactKey: Guid(d576a5b77bc882c4f98af9e9efab7a3a) Importer(815301076,1909f56bfc062723c751e8b465ee728b)
Start importing Assets/BasicMenuFramework/Test/Core/AudioMixer.mixer using Guid(d576a5b77bc882c4f98af9e9efab7a3a) Importer(815301076,1909f56bfc062723c751e8b465ee728b)  -> (artifact id: '450f2348aaa0efa7cc1450b22522923d') in 0.002920 seconds
  Import took 0.004610 seconds .

========================================================================
Received Import Request.
  Time since last request: 3.857980 seconds.
  path: Assets/BasicMenuFramework/Test/Core/AudioMixer.mixer
  artifactKey: Guid(d576a5b77bc882c4f98af9e9efab7a3a) Importer(815301076,1909f56bfc062723c751e8b465ee728b)
Start importing Assets/BasicMenuFramework/Test/Core/AudioMixer.mixer using Guid(d576a5b77bc882c4f98af9e9efab7a3a) Importer(815301076,1909f56bfc062723c751e8b465ee728b)  -> (artifact id: '66e6dedee4067c4dc3aeac642fd7de11') in 0.002587 seconds
  Import took 0.004438 seconds .

========================================================================
Received Import Request.
  Time since last request: 1.616850 seconds.
  path: Assets/BasicMenuFramework/Test/Core/AudioMixer.mixer
  artifactKey: Guid(d576a5b77bc882c4f98af9e9efab7a3a) Importer(815301076,1909f56bfc062723c751e8b465ee728b)
Start importing Assets/BasicMenuFramework/Test/Core/AudioMixer.mixer using Guid(d576a5b77bc882c4f98af9e9efab7a3a) Importer(815301076,1909f56bfc062723c751e8b465ee728b)  -> (artifact id: 'b27ba18e813a8c2f982874e7f2245bd9') in 0.002808 seconds
  Import took 0.004321 seconds .

========================================================================
Received Import Request.
  Time since last request: 0.011506 seconds.
  path: Assets/BasicMenuFramework/Test/Core/AudioMixer.mixer
  artifactKey: Guid(d576a5b77bc882c4f98af9e9efab7a3a) Importer(815301076,1909f56bfc062723c751e8b465ee728b)
Start importing Assets/BasicMenuFramework/Test/Core/AudioMixer.mixer using Guid(d576a5b77bc882c4f98af9e9efab7a3a) Importer(815301076,1909f56bfc062723c751e8b465ee728b)  -> (artifact id: 'b27ba18e813a8c2f982874e7f2245bd9') in 0.003081 seconds
  Import took 0.004655 seconds .

========================================================================
Received Import Request.
  Time since last request: 3.716691 seconds.
  path: Assets/BasicMenuFramework/Test/Core/AudioMixer.mixer
  artifactKey: Guid(d576a5b77bc882c4f98af9e9efab7a3a) Importer(815301076,1909f56bfc062723c751e8b465ee728b)
Start importing Assets/BasicMenuFramework/Test/Core/AudioMixer.mixer using Guid(d576a5b77bc882c4f98af9e9efab7a3a) Importer(815301076,1909f56bfc062723c751e8b465ee728b)  -> (artifact id: '5995b76dfd351c517b3137386107f8a0') in 0.002174 seconds
  Import took 0.003921 seconds .

========================================================================
Received Import Request.
  Time since last request: 0.011876 seconds.
  path: Assets/BasicMenuFramework/Test/Core/AudioMixer.mixer
  artifactKey: Guid(d576a5b77bc882c4f98af9e9efab7a3a) Importer(815301076,1909f56bfc062723c751e8b465ee728b)
Start importing Assets/BasicMenuFramework/Test/Core/AudioMixer.mixer using Guid(d576a5b77bc882c4f98af9e9efab7a3a) Importer(815301076,1909f56bfc062723c751e8b465ee728b)  -> (artifact id: '5995b76dfd351c517b3137386107f8a0') in 0.002871 seconds
  Import took 0.004453 seconds .

========================================================================
Received Import Request.
  Time since last request: 3.984476 seconds.
  path: Assets/BasicMenuFramework/Test/Core/AudioMixer.mixer
  artifactKey: Guid(d576a5b77bc882c4f98af9e9efab7a3a) Importer(815301076,1909f56bfc062723c751e8b465ee728b)
Start importing Assets/BasicMenuFramework/Test/Core/AudioMixer.mixer using Guid(d576a5b77bc882c4f98af9e9efab7a3a) Importer(815301076,1909f56bfc062723c751e8b465ee728b)  -> (artifact id: '10311c7e5819e20b6bb728ff4ed5f99a') in 0.002189 seconds
  Import took 0.014111 seconds .

========================================================================
Received Import Request.
  Time since last request: 231.965117 seconds.
  path: Assets/BasicMenuFramework/Test/Core/AudioMixer.mixer
  artifactKey: Guid(d576a5b77bc882c4f98af9e9efab7a3a) Importer(815301076,1909f56bfc062723c751e8b465ee728b)
Start importing Assets/BasicMenuFramework/Test/Core/AudioMixer.mixer using Guid(d576a5b77bc882c4f98af9e9efab7a3a) Importer(815301076,1909f56bfc062723c751e8b465ee728b)  -> (artifact id: 'b222abd84d759ba5f303fdf5c218ded8') in 0.003289 seconds
  Import took 0.005173 seconds .

========================================================================
Received Prepare
Registering precompiled user dll's ...
Registered in 0.000462 seconds.
Begin MonoManager ReloadAssembly
Native extension for WindowsStandalone target not found
Native extension for WebGL target not found
Refreshing native plugins compatible for Editor in 0.19 ms, found 0 plugins.
Preloading 0 native plugins for Editor in 0.00 ms.
Invoked RoslynAnalysisRunner static constructor.
RoslynAnalysisRunner will not be running.
RoslynAnalysisRunner has terminated.
Mono: successfully reloaded assembly
- Completed reload, in  0.637 seconds
Platform modules already initialized, skipping
Refreshing native plugins compatible for Editor in 0.20 ms, found 0 plugins.
Preloading 0 native plugins for Editor in 0.00 ms.
Unloading 1096 Unused Serialized files (Serialized files now loaded: 0)
System memory in use before: 57.2 MB.
System memory in use after: 57.3 MB.

Unloading 5 unused Assets to reduce memory usage. Loaded Objects now: 1560.
Total: 2.102800 ms (FindLiveObjects: 0.208100 ms CreateObjectMapping: 0.077600 ms MarkObjects: 1.722500 ms  DeleteObjects: 0.093400 ms)

========================================================================
Received Prepare
Registering precompiled user dll's ...
Registered in 0.000402 seconds.
Begin MonoManager ReloadAssembly
Native extension for WindowsStandalone target not found
Native extension for WebGL target not found
Refreshing native plugins compatible for Editor in 0.16 ms, found 0 plugins.
Preloading 0 native plugins for Editor in 0.00 ms.
Invoked RoslynAnalysisRunner static constructor.
RoslynAnalysisRunner will not be running.
RoslynAnalysisRunner has terminated.
Mono: successfully reloaded assembly
- Completed reload, in  0.637 seconds
Platform modules already initialized, skipping
Refreshing native plugins compatible for Editor in 0.17 ms, found 0 plugins.
Preloading 0 native plugins for Editor in 0.00 ms.
Unloading 1096 Unused Serialized files (Serialized files now loaded: 0)
System memory in use before: 57.3 MB.
System memory in use after: 57.3 MB.

Unloading 5 unused Assets to reduce memory usage. Loaded Objects now: 1562.
Total: 4.361800 ms (FindLiveObjects: 0.344900 ms CreateObjectMapping: 0.130900 ms MarkObjects: 3.768300 ms  DeleteObjects: 0.114300 ms)

========================================================================
Received Import Request.
  Time since last request: 325.151788 seconds.
  path: Assets/BasicMenuFramework/Test/Core/Settings Test
  artifactKey: Guid(0c2b1a6f49b43554e86270e86ef1af56) Importer(815301076,1909f56bfc062723c751e8b465ee728b)
Start importing Assets/BasicMenuFramework/Test/Core/Settings Test using Guid(0c2b1a6f49b43554e86270e86ef1af56) Importer(815301076,1909f56bfc062723c751e8b465ee728b)  -> (artifact id: '36259f54533ebdd54b68c859372fdfed') in 0.008257 seconds
  Import took 0.010193 seconds .

========================================================================
Received Prepare
Registering precompiled user dll's ...
Registered in 0.000401 seconds.
Begin MonoManager ReloadAssembly
Native extension for WindowsStandalone target not found
Native extension for WebGL target not found
Refreshing native plugins compatible for Editor in 0.16 ms, found 0 plugins.
Preloading 0 native plugins for Editor in 0.00 ms.
Invoked RoslynAnalysisRunner static constructor.
RoslynAnalysisRunner will not be running.
RoslynAnalysisRunner has terminated.
Mono: successfully reloaded assembly
- Completed reload, in  0.610 seconds
Platform modules already initialized, skipping
Refreshing native plugins compatible for Editor in 0.16 ms, found 0 plugins.
Preloading 0 native plugins for Editor in 0.00 ms.
Unloading 1096 Unused Serialized files (Serialized files now loaded: 0)
System memory in use before: 57.3 MB.
System memory in use after: 57.4 MB.

Unloading 5 unused Assets to reduce memory usage. Loaded Objects now: 1564.
Total: 1.432100 ms (FindLiveObjects: 0.116900 ms CreateObjectMapping: 0.031900 ms MarkObjects: 1.203400 ms  DeleteObjects: 0.079200 ms)

========================================================================
Received Import Request.
  Time since last request: 378.535748 seconds.
  path: Assets/BasicMenuFramework/Test/Core/Menu Test
  artifactKey: Guid(0458a832bafa8d34db3055455de54d80) Importer(815301076,1909f56bfc062723c751e8b465ee728b)
Start importing Assets/BasicMenuFramework/Test/Core/Menu Test using Guid(0458a832bafa8d34db3055455de54d80) Importer(815301076,1909f56bfc062723c751e8b465ee728b)  -> (artifact id: 'c7fd40541fd7a3d246460e939f509bad') in 0.007005 seconds
  Import took 0.008858 seconds .

========================================================================
Received Prepare
Registering precompiled user dll's ...
Registered in 0.000491 seconds.
Begin MonoManager ReloadAssembly
Native extension for WindowsStandalone target not found
Native extension for WebGL target not found
Refreshing native plugins compatible for Editor in 0.16 ms, found 0 plugins.
Preloading 0 native plugins for Editor in 0.00 ms.
Invoked RoslynAnalysisRunner static constructor.
RoslynAnalysisRunner will not be running.
RoslynAnalysisRunner has terminated.
Mono: successfully reloaded assembly
- Completed reload, in  0.624 seconds
Platform modules already initialized, skipping
Refreshing native plugins compatible for Editor in 0.16 ms, found 0 plugins.
Preloading 0 native plugins for Editor in 0.00 ms.
Unloading 1096 Unused Serialized files (Serialized files now loaded: 0)
System memory in use before: 57.4 MB.
System memory in use after: 57.5 MB.

Unloading 5 unused Assets to reduce memory usage. Loaded Objects now: 1566.
Total: 1.265700 ms (FindLiveObjects: 0.106200 ms CreateObjectMapping: 0.027900 ms MarkObjects: 1.096800 ms  DeleteObjects: 0.034200 ms)

